<?xml version="1.0" encoding="UTF-8"?>
<!-- Generated by org.testng.reporters.JUnitReportReporter -->
<testsuite hostname="DESKTOP-HF1AAIU" failures="0" tests="1" name="com.bookapi.testcases.IncorrectJsonFormat" time="0.021" errors="0" timestamp="2025-08-18T19:34:03 IST" skipped="0">
  <testcase classname="com.bookapi.testcases.IncorrectJsonFormat" name="incorrectJSON" time="0.021"/>
</testsuite> <!-- com.bookapi.testcases.IncorrectJsonFormat -->
