<?xml version="1.0" encoding="UTF-8"?>
<!-- Generated by org.testng.reporters.JUnitReportReporter -->
<testsuite hostname="DESKTOP-HF1AAIU" failures="0" tests="1" name="com.bookapi.testcases.ExpiredTokenTest" time="0.028" errors="0" timestamp="2025-08-18T19:27:34 IST" skipped="0">
  <testcase classname="com.bookapi.testcases.ExpiredTokenTest" name="NoBooksDisplayedForExpiredToken" time="0.028"/>
</testsuite> <!-- com.bookapi.testcases.ExpiredTokenTest -->
