<?xml version="1.0" encoding="UTF-8"?>
<!-- Generated by org.testng.reporters.JUnitReportReporter -->
<testsuite hostname="DESKTOP-HF1AAIU" failures="0" tests="2" name="com.bookapi.testcases.DeleteBookTest" time="0.087" errors="0" timestamp="2025-08-18T19:34:03 IST" skipped="0">
  <testcase classname="com.bookapi.testcases.DeleteBookTest" name="validatingIfUserAbleToDeleteBookByID" time="0.068"/>
  <testcase classname="com.bookapi.testcases.DeleteBookTest" name="validatingIfUserAbleToDeleteBookByIDAgain" time="0.019"/>
</testsuite> <!-- com.bookapi.testcases.DeleteBookTest -->
