<?xml version="1.0" encoding="UTF-8"?>
<!-- Generated by org.testng.reporters.JUnitReportReporter -->
<testsuite hostname="DESKTOP-HF1AAIU" failures="0" tests="1" name="com.bookapi.testcases.HappyPath" time="0.449" errors="0" timestamp="2025-08-14T18:27:38 IST" skipped="0">
  <testcase classname="com.bookapi.testcases.HappyPath" name="validatingServiceHealth" time="0.449"/>
</testsuite> <!-- com.bookapi.testcases.HappyPath -->
