<?xml version="1.0" encoding="UTF-8"?>
<!-- Generated by org.testng.reporters.JUnitReportReporter -->
<testsuite hostname="DESKTOP-HF1AAIU" failures="0" tests="3" name="com.bookapi.testcases.GetAllBooksTest" time="0.074" errors="0" timestamp="2025-08-18T19:34:03 IST" skipped="0">
  <testcase classname="com.bookapi.testcases.GetAllBooksTest" name="validatingBooksAreDisplayed" time="0.036"/>
  <testcase classname="com.bookapi.testcases.GetAllBooksTest" name="NoBooksDisplayedForInvalidToken" time="0.022"/>
  <testcase classname="com.bookapi.testcases.GetAllBooksTest" name="NoBooksDisplayedForNoToken" time="0.016"/>
</testsuite> <!-- com.bookapi.testcases.GetAllBooksTest -->
